[0m12:53:55.593238 [debug] [MainThread]: Sending event: {'category': 'dbt', 'action': 'invocation', 'label': 'start', 'context': [<snowplow_tracker.self_describing_json.SelfDescribingJson object at 0x77014af589e0>, <snowplow_tracker.self_describing_json.SelfDescribingJson object at 0x7701495bc1a0>, <snowplow_tracker.self_describing_json.SelfDescribingJson object at 0x770149731d30>]}


============================== 12:53:55.600655 | 2172e7b8-5d6b-4195-a4be-a4073e4442af ==============================
[0m12:53:55.600655 [info ] [MainThread]: Running with dbt=1.9.3
[0m12:53:55.601759 [debug] [MainThread]: running dbt with arguments {'printer_width': '80', 'indirect_selection': 'eager', 'log_cache_events': 'False', 'write_json': 'True', 'partial_parse': 'True', 'cache_selected_only': 'False', 'profiles_dir': '/home/gugus/.dbt', 'version_check': 'True', 'debug': 'False', 'log_path': 'logs', 'warn_error': 'None', 'fail_fast': 'False', 'use_colors': 'True', 'use_experimental_parser': 'False', 'no_print': 'None', 'quiet': 'False', 'empty': 'None', 'log_format': 'default', 'invocation_command': 'dbt init', 'introspect': 'True', 'warn_error_options': 'WarnErrorOptions(include=[], exclude=[])', 'target_path': 'None', 'static_parser': 'True', 'send_anonymous_usage_stats': 'True'}
[0m12:53:55.620583 [warn ] [MainThread]: [ConfigFolderDirectory]: Unable to parse logging event dictionary. Failed to parse dir field: expected string or bytes-like object, got 'PosixPath'.. Dictionary: {'dir': PosixPath('/home/gugus/.dbt')}
[0m12:53:55.621664 [info ] [MainThread]: Creating dbt configuration folder at 
[0m12:54:34.267982 [debug] [MainThread]: Starter project path: /home/gugus/Documents/portfolio-gugus/retail-data-warehouse/dbt_retail/lib/python3.12/site-packages/dbt/include/starter_project
[0m12:54:34.275160 [info ] [MainThread]: 
Your new dbt project "retail_warehouse" was created!

For more information on how to configure the profiles.yml file,
please consult the dbt documentation here:

  https://docs.getdbt.com/docs/configure-your-profile

One more thing:

Need help? Don't hesitate to reach out to us via GitHub issues or on Slack:

  https://community.getdbt.com/

Happy modeling!

[0m12:54:34.276472 [info ] [MainThread]: Setting up your profile.
[0m13:00:02.953053 [info ] [MainThread]: Profile retail_warehouse written to /home/gugus/.dbt/profiles.yml using target's profile_template.yml and your supplied values. Run 'dbt debug' to validate the connection.
[0m13:00:02.959552 [debug] [MainThread]: Resource report: {"command_name": "init", "command_success": true, "command_wall_clock_time": 367.48557, "process_in_blocks": "328", "process_kernel_time": 0.194379, "process_mem_max_rss": "93928", "process_out_blocks": "88", "process_user_time": 1.866043}
[0m13:00:02.962131 [debug] [MainThread]: Command `dbt init` succeeded at 13:00:02.961605 after 367.49 seconds
[0m13:00:02.964115 [debug] [MainThread]: Sending event: {'category': 'dbt', 'action': 'invocation', 'label': 'end', 'context': [<snowplow_tracker.self_describing_json.SelfDescribingJson object at 0x77014af589e0>, <snowplow_tracker.self_describing_json.SelfDescribingJson object at 0x77014b637ec0>, <snowplow_tracker.self_describing_json.SelfDescribingJson object at 0x770149109310>]}
[0m13:00:02.966195 [debug] [MainThread]: Flushing usage events
[0m13:00:06.058780 [debug] [MainThread]: An error was encountered while trying to flush usage events
